-------------------------------------------------------------------------------
Test set: com.github.vitalliuss.helloci.AppTest
-------------------------------------------------------------------------------
Tests run: 5, Failures: 1, Errors: 0, Skipped: 1, Time elapsed: 0.228 s <<< FAILURE! - in com.github.vitalliuss.helloci.AppTest
testShouldBeFailed(com.github.vitalliuss.helloci.AppTest)  Time elapsed: 0.045 s  <<< FAILURE!
java.lang.AssertionError
	at com.github.vitalliuss.helloci.AppTest.testShouldBeFailed(AppTest.java:21)

