Started by user [8mha:////4CZdq5/NAKAwtvUT/0xOoyCWlHJI68LZJTIM+7IkQIjOAAAAmx+LCAAAAAAAAP9b85aBtbiIQTGjNKU4P08vOT+vOD8nVc83PyU1x6OyILUoJzMv2y+/JJUBAhiZGBgqihhk0NSjKDWzXb3RdlLBUSYGJk8GtpzUvPSSDB8G5tKinBIGIZ+sxLJE/ZzEvHT94JKizLx0a6BxUmjGOUNodHsLgAyeEgZ+/dLi1CL9sqTEnMrE7Mw8AGO400zEAAAA[0mБалякин В.А.
Running as SYSTEM
Building on master in workspace C:\Jenkins\workspace\HelloUser
[HelloUser] $ cmd /c call C:\Windows\TEMP\jenkins6987021018567856336.bat

C:\Jenkins\workspace\HelloUser>ECHO Hello, Superman! 
Hello, Superman!

C:\Jenkins\workspace\HelloUser>exit 0 
[HelloUser] $ cmd.exe /C "c:\apache-maven-3.6.1-bin\apache-maven-3.6.1\bin\mvn.cmd clean cobertura:cobertura && exit %%ERRORLEVEL%%"
[INFO] Scanning for projects...
[INFO] ------------------------------------------------------------------------
[INFO] BUILD FAILURE
[INFO] ------------------------------------------------------------------------
[INFO] Total time:  0.568 s
[INFO] Finished at: 2019-09-09T16:51:09+03:00
[INFO] ------------------------------------------------------------------------
[8mha:////4OVnHvypNT58sY5LcdG/bWdtCXza515tTYheSIfTMuIyAAAAYB+LCAAAAAAAAP9b85aBtbiIQSmjNKU4P0+vJLE4u1gvPjexLDVPzxdEuhYV5Rf55ZekOlc7RKnPKH7IxMBQUcQgBdWQnJ9XnJ+TqucMoUEKGSCAEaSwAACsNFCqYAAAAA==[0m[ERROR] The goal you specified requires a project to execute but there is no POM in this directory (C:\Jenkins\workspace\HelloUser). Please verify you invoked Maven from the correct directory. -> [Help 1]
[8mha:////4OVnHvypNT58sY5LcdG/bWdtCXza515tTYheSIfTMuIyAAAAYB+LCAAAAAAAAP9b85aBtbiIQSmjNKU4P0+vJLE4u1gvPjexLDVPzxdEuhYV5Rf55ZekOlc7RKnPKH7IxMBQUcQgBdWQnJ9XnJ+TqucMoUEKGSCAEaSwAACsNFCqYAAAAA==[0m[ERROR] 
[8mha:////4OVnHvypNT58sY5LcdG/bWdtCXza515tTYheSIfTMuIyAAAAYB+LCAAAAAAAAP9b85aBtbiIQSmjNKU4P0+vJLE4u1gvPjexLDVPzxdEuhYV5Rf55ZekOlc7RKnPKH7IxMBQUcQgBdWQnJ9XnJ+TqucMoUEKGSCAEaSwAACsNFCqYAAAAA==[0m[ERROR] To see the full stack trace of the errors, re-run Maven with the -e switch.
[8mha:////4OVnHvypNT58sY5LcdG/bWdtCXza515tTYheSIfTMuIyAAAAYB+LCAAAAAAAAP9b85aBtbiIQSmjNKU4P0+vJLE4u1gvPjexLDVPzxdEuhYV5Rf55ZekOlc7RKnPKH7IxMBQUcQgBdWQnJ9XnJ+TqucMoUEKGSCAEaSwAACsNFCqYAAAAA==[0m[ERROR] Re-run Maven using the -X switch to enable full debug logging.
[8mha:////4OVnHvypNT58sY5LcdG/bWdtCXza515tTYheSIfTMuIyAAAAYB+LCAAAAAAAAP9b85aBtbiIQSmjNKU4P0+vJLE4u1gvPjexLDVPzxdEuhYV5Rf55ZekOlc7RKnPKH7IxMBQUcQgBdWQnJ9XnJ+TqucMoUEKGSCAEaSwAACsNFCqYAAAAA==[0m[ERROR] 
[8mha:////4OVnHvypNT58sY5LcdG/bWdtCXza515tTYheSIfTMuIyAAAAYB+LCAAAAAAAAP9b85aBtbiIQSmjNKU4P0+vJLE4u1gvPjexLDVPzxdEuhYV5Rf55ZekOlc7RKnPKH7IxMBQUcQgBdWQnJ9XnJ+TqucMoUEKGSCAEaSwAACsNFCqYAAAAA==[0m[ERROR] For more information about the errors and possible solutions, please read the following articles:
[8mha:////4OVnHvypNT58sY5LcdG/bWdtCXza515tTYheSIfTMuIyAAAAYB+LCAAAAAAAAP9b85aBtbiIQSmjNKU4P0+vJLE4u1gvPjexLDVPzxdEuhYV5Rf55ZekOlc7RKnPKH7IxMBQUcQgBdWQnJ9XnJ+TqucMoUEKGSCAEaSwAACsNFCqYAAAAA==[0m[ERROR] [Help 1] http://cwiki.apache.org/confluence/display/MAVEN/MissingProjectException
Build step 'Invoke top-level Maven targets' marked build as failure
Finished: FAILURE
